<?xml version="1.0" encoding="UTF-8"?>
<!-- Generated by org.testng.reporters.JUnitReportReporter -->
<testsuite hostname="Mahabaleshwarkar" failures="0" tests="1" name="com.metamesh.FilterTestCases" time="19.010" errors="0" timestamp="2024-07-21T12:34:32 IST" skipped="0">
  <testcase classname="com.metamesh.FilterTestCases" name="verifyTotalAmountWhenDiscountCouponAppliedToIncreasedQuantity" time="19.010"/>
</testsuite> <!-- com.metamesh.FilterTestCases -->
